java.lang.NoClassDefFoundError: EDU/oswego/cs/dl/util/concurrent/Channel
	at org.apache.jcs.engine.control.CompositeCacheManager.configure(CompositeCacheManager.java:303)
	at org.apache.jcs.engine.control.CompositeCacheManager.configure(CompositeCacheManager.java:258)
	at org.apache.jcs.engine.control.CompositeCacheManager.configure(CompositeCacheManager.java:245)
	at org.apache.jcs.engine.control.CompositeCacheManager.configure(CompositeCacheManager.java:194)
	at org.apache.jcs.engine.control.CompositeCacheManager.getInstance(CompositeCacheManager.java:122)
	at org.apache.jcs.JCS.ensureCacheManager(JCS.java:96)
	at org.apache.jcs.JCS.getInstance(JCS.java:80)
	at com.jpmorgan.dojo.caching.JCSvsEHCachePerformanceTest.doWork(JCSvsEHCachePerformanceTest.java:87)
	at com.jpmorgan.dojo.caching.JCSvsEHCachePerformanceTest.testJCSvsEHCache(JCSvsEHCachePerformanceTest.java:55)
	at sun.reflect.NativeMethodAccessorImpl.invoke0(Native Method)
	at sun.reflect.NativeMethodAccessorImpl.invoke(NativeMethodAccessorImpl.java:57)
	at sun.reflect.DelegatingMethodAccessorImpl.invoke(DelegatingMethodAccessorImpl.java:43)
	at java.lang.reflect.Method.invoke(Method.java:601)
	at junit.framework.TestCase.runTest(TestCase.java:154)
	at junit.framework.TestCase.runBare(TestCase.java:127)
	at junit.framework.TestResult$1.protect(TestResult.java:106)
	at junit.framework.TestResult.runProtected(TestResult.java:124)
	at junit.framework.TestResult.run(TestResult.java:109)
	at junit.framework.TestCase.run(TestCase.java:118)
	at junit.framework.TestSuite.runTest(TestSuite.java:208)
	at junit.framework.TestSuite.run(TestSuite.java:203)
	at org.eclipse.jdt.internal.junit.runner.junit3.JUnit3TestReference.run(JUnit3TestReference.java:130)
	at org.eclipse.jdt.internal.junit.runner.TestExecution.run(TestExecution.java:38)
	at org.eclipse.jdt.internal.junit.runner.RemoteTestRunner.runTests(RemoteTestRunner.java:467)
	at org.eclipse.jdt.internal.junit.runner.RemoteTestRunner.runTests(RemoteTestRunner.java:683)
	at org.eclipse.jdt.internal.junit.runner.RemoteTestRunner.run(RemoteTestRunner.java:390)
	at org.eclipse.jdt.internal.junit.runner.RemoteTestRunner.main(RemoteTestRunner.java:197)
Caused by: java.lang.ClassNotFoundException: EDU.oswego.cs.dl.util.concurrent.Channel
	at java.net.URLClassLoader$1.run(URLClassLoader.java:366)
	at java.net.URLClassLoader$1.run(URLClassLoader.java:355)
	at java.security.AccessController.doPrivileged(Native Method)
	at java.net.URLClassLoader.findClass(URLClassLoader.java:354)
	at java.lang.ClassLoader.loadClass(ClassLoader.java:423)
	at sun.misc.Launcher$AppClassLoader.loadClass(Launcher.java:308)
	at java.lang.ClassLoader.loadClass(ClassLoader.java:356)
	... 27 more

